Determining if the Q_WS_WIN exist failed with the following output:
Change Dir: /home/ivan/robocomp/components/g1/GoToPoint/CMakeFiles/CMakeTmp

Run Build Command:"/usr/bin/make" "cmTryCompileExec3449724344/fast"
make[1]: se ingresa al directorio «/home/ivan/robocomp/components/g1/GoToPoint/CMakeFiles/CMakeTmp»
/usr/bin/make -f CMakeFiles/cmTryCompileExec3449724344.dir/build.make CMakeFiles/cmTryCompileExec3449724344.dir/build
make[2]: se ingresa al directorio «/home/ivan/robocomp/components/g1/GoToPoint/CMakeFiles/CMakeTmp»
/usr/bin/cmake -E cmake_progress_report /home/ivan/robocomp/components/g1/GoToPoint/CMakeFiles/CMakeTmp/CMakeFiles 1
Building CXX object CMakeFiles/cmTryCompileExec3449724344.dir/CheckSymbolExists.cxx.o
/usr/bin/c++    -I/usr/include/qt4    -o CMakeFiles/cmTryCompileExec3449724344.dir/CheckSymbolExists.cxx.o -c /home/ivan/robocomp/components/g1/GoToPoint/CMakeFiles/CMakeTmp/CheckSymbolExists.cxx
/home/ivan/robocomp/components/g1/GoToPoint/CMakeFiles/CMakeTmp/CheckSymbolExists.cxx: In function ‘int main(int, char**)’:
/home/ivan/robocomp/components/g1/GoToPoint/CMakeFiles/CMakeTmp/CheckSymbolExists.cxx:8:19: error: ‘Q_WS_WIN’ was not declared in this scope
   return ((int*)(&Q_WS_WIN))[argc];
                   ^
make[2]: *** [CMakeFiles/cmTryCompileExec3449724344.dir/CheckSymbolExists.cxx.o] Error 1
make[2]: se sale del directorio «/home/ivan/robocomp/components/g1/GoToPoint/CMakeFiles/CMakeTmp»
make[1]: *** [cmTryCompileExec3449724344/fast] Error 2
make[1]: se sale del directorio «/home/ivan/robocomp/components/g1/GoToPoint/CMakeFiles/CMakeTmp»

File /home/ivan/robocomp/components/g1/GoToPoint/CMakeFiles/CMakeTmp/CheckSymbolExists.cxx:
/* */
#include <QtCore/qglobal.h>

int main(int argc, char** argv)
{
  (void)argv;
#ifndef Q_WS_WIN
  return ((int*)(&Q_WS_WIN))[argc];
#else
  (void)argc;
  return 0;
#endif
}

Determining if the Q_WS_QWS exist failed with the following output:
Change Dir: /home/ivan/robocomp/components/g1/GoToPoint/CMakeFiles/CMakeTmp

Run Build Command:"/usr/bin/make" "cmTryCompileExec2260912219/fast"
make[1]: se ingresa al directorio «/home/ivan/robocomp/components/g1/GoToPoint/CMakeFiles/CMakeTmp»
/usr/bin/make -f CMakeFiles/cmTryCompileExec2260912219.dir/build.make CMakeFiles/cmTryCompileExec2260912219.dir/build
make[2]: se ingresa al directorio «/home/ivan/robocomp/components/g1/GoToPoint/CMakeFiles/CMakeTmp»
/usr/bin/cmake -E cmake_progress_report /home/ivan/robocomp/components/g1/GoToPoint/CMakeFiles/CMakeTmp/CMakeFiles 1
Building CXX object CMakeFiles/cmTryCompileExec2260912219.dir/CheckSymbolExists.cxx.o
/usr/bin/c++    -I/usr/include/qt4    -o CMakeFiles/cmTryCompileExec2260912219.dir/CheckSymbolExists.cxx.o -c /home/ivan/robocomp/components/g1/GoToPoint/CMakeFiles/CMakeTmp/CheckSymbolExists.cxx
/home/ivan/robocomp/components/g1/GoToPoint/CMakeFiles/CMakeTmp/CheckSymbolExists.cxx: In function ‘int main(int, char**)’:
/home/ivan/robocomp/components/g1/GoToPoint/CMakeFiles/CMakeTmp/CheckSymbolExists.cxx:8:19: error: ‘Q_WS_QWS’ was not declared in this scope
   return ((int*)(&Q_WS_QWS))[argc];
                   ^
make[2]: *** [CMakeFiles/cmTryCompileExec2260912219.dir/CheckSymbolExists.cxx.o] Error 1
make[2]: se sale del directorio «/home/ivan/robocomp/components/g1/GoToPoint/CMakeFiles/CMakeTmp»
make[1]: *** [cmTryCompileExec2260912219/fast] Error 2
make[1]: se sale del directorio «/home/ivan/robocomp/components/g1/GoToPoint/CMakeFiles/CMakeTmp»

File /home/ivan/robocomp/components/g1/GoToPoint/CMakeFiles/CMakeTmp/CheckSymbolExists.cxx:
/* */
#include <QtCore/qglobal.h>

int main(int argc, char** argv)
{
  (void)argv;
#ifndef Q_WS_QWS
  return ((int*)(&Q_WS_QWS))[argc];
#else
  (void)argc;
  return 0;
#endif
}

Determining if the Q_WS_MAC exist failed with the following output:
Change Dir: /home/ivan/robocomp/components/g1/GoToPoint/CMakeFiles/CMakeTmp

Run Build Command:"/usr/bin/make" "cmTryCompileExec2634278299/fast"
make[1]: se ingresa al directorio «/home/ivan/robocomp/components/g1/GoToPoint/CMakeFiles/CMakeTmp»
/usr/bin/make -f CMakeFiles/cmTryCompileExec2634278299.dir/build.make CMakeFiles/cmTryCompileExec2634278299.dir/build
make[2]: se ingresa al directorio «/home/ivan/robocomp/components/g1/GoToPoint/CMakeFiles/CMakeTmp»
/usr/bin/cmake -E cmake_progress_report /home/ivan/robocomp/components/g1/GoToPoint/CMakeFiles/CMakeTmp/CMakeFiles 1
Building CXX object CMakeFiles/cmTryCompileExec2634278299.dir/CheckSymbolExists.cxx.o
/usr/bin/c++    -I/usr/include/qt4    -o CMakeFiles/cmTryCompileExec2634278299.dir/CheckSymbolExists.cxx.o -c /home/ivan/robocomp/components/g1/GoToPoint/CMakeFiles/CMakeTmp/CheckSymbolExists.cxx
/home/ivan/robocomp/components/g1/GoToPoint/CMakeFiles/CMakeTmp/CheckSymbolExists.cxx: In function ‘int main(int, char**)’:
/home/ivan/robocomp/components/g1/GoToPoint/CMakeFiles/CMakeTmp/CheckSymbolExists.cxx:8:19: error: ‘Q_WS_MAC’ was not declared in this scope
   return ((int*)(&Q_WS_MAC))[argc];
                   ^
make[2]: *** [CMakeFiles/cmTryCompileExec2634278299.dir/CheckSymbolExists.cxx.o] Error 1
make[2]: se sale del directorio «/home/ivan/robocomp/components/g1/GoToPoint/CMakeFiles/CMakeTmp»
make[1]: *** [cmTryCompileExec2634278299/fast] Error 2
make[1]: se sale del directorio «/home/ivan/robocomp/components/g1/GoToPoint/CMakeFiles/CMakeTmp»

File /home/ivan/robocomp/components/g1/GoToPoint/CMakeFiles/CMakeTmp/CheckSymbolExists.cxx:
/* */
#include <QtCore/qglobal.h>

int main(int argc, char** argv)
{
  (void)argv;
#ifndef Q_WS_MAC
  return ((int*)(&Q_WS_MAC))[argc];
#else
  (void)argc;
  return 0;
#endif
}

Determining if the Q_WS_WIN exist failed with the following output:
Change Dir: /home/ivan/robocomp/components/g1/GoToPoint/CMakeFiles/CMakeTmp

Run Build Command:"/usr/bin/make" "cmTryCompileExec2597639324/fast"
make[1]: se ingresa al directorio «/home/ivan/robocomp/components/g1/GoToPoint/CMakeFiles/CMakeTmp»
/usr/bin/make -f CMakeFiles/cmTryCompileExec2597639324.dir/build.make CMakeFiles/cmTryCompileExec2597639324.dir/build
make[2]: se ingresa al directorio «/home/ivan/robocomp/components/g1/GoToPoint/CMakeFiles/CMakeTmp»
/usr/bin/cmake -E cmake_progress_report /home/ivan/robocomp/components/g1/GoToPoint/CMakeFiles/CMakeTmp/CMakeFiles 1
Building CXX object CMakeFiles/cmTryCompileExec2597639324.dir/CheckSymbolExists.cxx.o
/usr/bin/c++    -I/usr/include/qt4    -o CMakeFiles/cmTryCompileExec2597639324.dir/CheckSymbolExists.cxx.o -c /home/ivan/robocomp/components/g1/GoToPoint/CMakeFiles/CMakeTmp/CheckSymbolExists.cxx
/home/ivan/robocomp/components/g1/GoToPoint/CMakeFiles/CMakeTmp/CheckSymbolExists.cxx: In function ‘int main(int, char**)’:
/home/ivan/robocomp/components/g1/GoToPoint/CMakeFiles/CMakeTmp/CheckSymbolExists.cxx:8:19: error: ‘Q_WS_WIN’ was not declared in this scope
   return ((int*)(&Q_WS_WIN))[argc];
                   ^
make[2]: se sale del directorio «/home/ivan/robocomp/components/g1/GoToPoint/CMakeFiles/CMakeTmp»
make[2]: *** [CMakeFiles/cmTryCompileExec2597639324.dir/CheckSymbolExists.cxx.o] Error 1
make[1]: *** [cmTryCompileExec2597639324/fast] Error 2
make[1]: se sale del directorio «/home/ivan/robocomp/components/g1/GoToPoint/CMakeFiles/CMakeTmp»

File /home/ivan/robocomp/components/g1/GoToPoint/CMakeFiles/CMakeTmp/CheckSymbolExists.cxx:
/* */
#include <QtCore/qglobal.h>

int main(int argc, char** argv)
{
  (void)argv;
#ifndef Q_WS_WIN
  return ((int*)(&Q_WS_WIN))[argc];
#else
  (void)argc;
  return 0;
#endif
}

Determining if the Q_WS_QWS exist failed with the following output:
Change Dir: /home/ivan/robocomp/components/g1/GoToPoint/CMakeFiles/CMakeTmp

Run Build Command:"/usr/bin/make" "cmTryCompileExec2183400364/fast"
make[1]: se ingresa al directorio «/home/ivan/robocomp/components/g1/GoToPoint/CMakeFiles/CMakeTmp»
/usr/bin/make -f CMakeFiles/cmTryCompileExec2183400364.dir/build.make CMakeFiles/cmTryCompileExec2183400364.dir/build
make[2]: se ingresa al directorio «/home/ivan/robocomp/components/g1/GoToPoint/CMakeFiles/CMakeTmp»
/usr/bin/cmake -E cmake_progress_report /home/ivan/robocomp/components/g1/GoToPoint/CMakeFiles/CMakeTmp/CMakeFiles 1
Building CXX object CMakeFiles/cmTryCompileExec2183400364.dir/CheckSymbolExists.cxx.o
/usr/bin/c++    -I/usr/include/qt4    -o CMakeFiles/cmTryCompileExec2183400364.dir/CheckSymbolExists.cxx.o -c /home/ivan/robocomp/components/g1/GoToPoint/CMakeFiles/CMakeTmp/CheckSymbolExists.cxx
/home/ivan/robocomp/components/g1/GoToPoint/CMakeFiles/CMakeTmp/CheckSymbolExists.cxx: In function ‘int main(int, char**)’:
/home/ivan/robocomp/components/g1/GoToPoint/CMakeFiles/CMakeTmp/CheckSymbolExists.cxx:8:19: error: ‘Q_WS_QWS’ was not declared in this scope
   return ((int*)(&Q_WS_QWS))[argc];
                   ^
make[2]: *** [CMakeFiles/cmTryCompileExec2183400364.dir/CheckSymbolExists.cxx.o] Error 1
make[2]: se sale del directorio «/home/ivan/robocomp/components/g1/GoToPoint/CMakeFiles/CMakeTmp»
make[1]: se sale del directorio «/home/ivan/robocomp/components/g1/GoToPoint/CMakeFiles/CMakeTmp»
make[1]: *** [cmTryCompileExec2183400364/fast] Error 2

File /home/ivan/robocomp/components/g1/GoToPoint/CMakeFiles/CMakeTmp/CheckSymbolExists.cxx:
/* */
#include <QtCore/qglobal.h>

int main(int argc, char** argv)
{
  (void)argv;
#ifndef Q_WS_QWS
  return ((int*)(&Q_WS_QWS))[argc];
#else
  (void)argc;
  return 0;
#endif
}

Determining if the Q_WS_MAC exist failed with the following output:
Change Dir: /home/ivan/robocomp/components/g1/GoToPoint/CMakeFiles/CMakeTmp

Run Build Command:"/usr/bin/make" "cmTryCompileExec494022126/fast"
make[1]: se ingresa al directorio «/home/ivan/robocomp/components/g1/GoToPoint/CMakeFiles/CMakeTmp»
/usr/bin/make -f CMakeFiles/cmTryCompileExec494022126.dir/build.make CMakeFiles/cmTryCompileExec494022126.dir/build
make[2]: se ingresa al directorio «/home/ivan/robocomp/components/g1/GoToPoint/CMakeFiles/CMakeTmp»
/usr/bin/cmake -E cmake_progress_report /home/ivan/robocomp/components/g1/GoToPoint/CMakeFiles/CMakeTmp/CMakeFiles 1
Building CXX object CMakeFiles/cmTryCompileExec494022126.dir/CheckSymbolExists.cxx.o
/usr/bin/c++    -I/usr/include/qt4    -o CMakeFiles/cmTryCompileExec494022126.dir/CheckSymbolExists.cxx.o -c /home/ivan/robocomp/components/g1/GoToPoint/CMakeFiles/CMakeTmp/CheckSymbolExists.cxx
/home/ivan/robocomp/components/g1/GoToPoint/CMakeFiles/CMakeTmp/CheckSymbolExists.cxx: In function ‘int main(int, char**)’:
/home/ivan/robocomp/components/g1/GoToPoint/CMakeFiles/CMakeTmp/CheckSymbolExists.cxx:8:19: error: ‘Q_WS_MAC’ was not declared in this scope
   return ((int*)(&Q_WS_MAC))[argc];
                   ^
make[2]: se sale del directorio «/home/ivan/robocomp/components/g1/GoToPoint/CMakeFiles/CMakeTmp»
make[2]: *** [CMakeFiles/cmTryCompileExec494022126.dir/CheckSymbolExists.cxx.o] Error 1
make[1]: *** [cmTryCompileExec494022126/fast] Error 2
make[1]: se sale del directorio «/home/ivan/robocomp/components/g1/GoToPoint/CMakeFiles/CMakeTmp»

File /home/ivan/robocomp/components/g1/GoToPoint/CMakeFiles/CMakeTmp/CheckSymbolExists.cxx:
/* */
#include <QtCore/qglobal.h>

int main(int argc, char** argv)
{
  (void)argv;
#ifndef Q_WS_MAC
  return ((int*)(&Q_WS_MAC))[argc];
#else
  (void)argc;
  return 0;
#endif
}

Determining if the Q_WS_WIN exist failed with the following output:
Change Dir: /home/ivan/robocomp/components/g1/GoToPoint/CMakeFiles/CMakeTmp

Run Build Command:"/usr/bin/make" "cmTryCompileExec1856332762/fast"
make[1]: se ingresa al directorio «/home/ivan/robocomp/components/g1/GoToPoint/CMakeFiles/CMakeTmp»
/usr/bin/make -f CMakeFiles/cmTryCompileExec1856332762.dir/build.make CMakeFiles/cmTryCompileExec1856332762.dir/build
make[2]: se ingresa al directorio «/home/ivan/robocomp/components/g1/GoToPoint/CMakeFiles/CMakeTmp»
/usr/bin/cmake -E cmake_progress_report /home/ivan/robocomp/components/g1/GoToPoint/CMakeFiles/CMakeTmp/CMakeFiles 1
Building CXX object CMakeFiles/cmTryCompileExec1856332762.dir/CheckSymbolExists.cxx.o
/usr/bin/c++    -I/usr/include/qt4    -o CMakeFiles/cmTryCompileExec1856332762.dir/CheckSymbolExists.cxx.o -c /home/ivan/robocomp/components/g1/GoToPoint/CMakeFiles/CMakeTmp/CheckSymbolExists.cxx
/home/ivan/robocomp/components/g1/GoToPoint/CMakeFiles/CMakeTmp/CheckSymbolExists.cxx: In function ‘int main(int, char**)’:
/home/ivan/robocomp/components/g1/GoToPoint/CMakeFiles/CMakeTmp/CheckSymbolExists.cxx:8:19: error: ‘Q_WS_WIN’ was not declared in this scope
   return ((int*)(&Q_WS_WIN))[argc];
                   ^
make[2]: se sale del directorio «/home/ivan/robocomp/components/g1/GoToPoint/CMakeFiles/CMakeTmp»
make[2]: *** [CMakeFiles/cmTryCompileExec1856332762.dir/CheckSymbolExists.cxx.o] Error 1
make[1]: *** [cmTryCompileExec1856332762/fast] Error 2
make[1]: se sale del directorio «/home/ivan/robocomp/components/g1/GoToPoint/CMakeFiles/CMakeTmp»

File /home/ivan/robocomp/components/g1/GoToPoint/CMakeFiles/CMakeTmp/CheckSymbolExists.cxx:
/* */
#include <QtCore/qglobal.h>

int main(int argc, char** argv)
{
  (void)argv;
#ifndef Q_WS_WIN
  return ((int*)(&Q_WS_WIN))[argc];
#else
  (void)argc;
  return 0;
#endif
}

Determining if the Q_WS_QWS exist failed with the following output:
Change Dir: /home/ivan/robocomp/components/g1/GoToPoint/CMakeFiles/CMakeTmp

Run Build Command:"/usr/bin/make" "cmTryCompileExec3086752176/fast"
make[1]: se ingresa al directorio «/home/ivan/robocomp/components/g1/GoToPoint/CMakeFiles/CMakeTmp»
/usr/bin/make -f CMakeFiles/cmTryCompileExec3086752176.dir/build.make CMakeFiles/cmTryCompileExec3086752176.dir/build
make[2]: se ingresa al directorio «/home/ivan/robocomp/components/g1/GoToPoint/CMakeFiles/CMakeTmp»
/usr/bin/cmake -E cmake_progress_report /home/ivan/robocomp/components/g1/GoToPoint/CMakeFiles/CMakeTmp/CMakeFiles 1
Building CXX object CMakeFiles/cmTryCompileExec3086752176.dir/CheckSymbolExists.cxx.o
/usr/bin/c++    -I/usr/include/qt4    -o CMakeFiles/cmTryCompileExec3086752176.dir/CheckSymbolExists.cxx.o -c /home/ivan/robocomp/components/g1/GoToPoint/CMakeFiles/CMakeTmp/CheckSymbolExists.cxx
/home/ivan/robocomp/components/g1/GoToPoint/CMakeFiles/CMakeTmp/CheckSymbolExists.cxx: In function ‘int main(int, char**)’:
/home/ivan/robocomp/components/g1/GoToPoint/CMakeFiles/CMakeTmp/CheckSymbolExists.cxx:8:19: error: ‘Q_WS_QWS’ was not declared in this scope
   return ((int*)(&Q_WS_QWS))[argc];
                   ^
make[2]: *** [CMakeFiles/cmTryCompileExec3086752176.dir/CheckSymbolExists.cxx.o] Error 1
make[2]: se sale del directorio «/home/ivan/robocomp/components/g1/GoToPoint/CMakeFiles/CMakeTmp»
make[1]: se sale del directorio «/home/ivan/robocomp/components/g1/GoToPoint/CMakeFiles/CMakeTmp»
make[1]: *** [cmTryCompileExec3086752176/fast] Error 2

File /home/ivan/robocomp/components/g1/GoToPoint/CMakeFiles/CMakeTmp/CheckSymbolExists.cxx:
/* */
#include <QtCore/qglobal.h>

int main(int argc, char** argv)
{
  (void)argv;
#ifndef Q_WS_QWS
  return ((int*)(&Q_WS_QWS))[argc];
#else
  (void)argc;
  return 0;
#endif
}

Determining if the Q_WS_MAC exist failed with the following output:
Change Dir: /home/ivan/robocomp/components/g1/GoToPoint/CMakeFiles/CMakeTmp

Run Build Command:"/usr/bin/make" "cmTryCompileExec4076874232/fast"
make[1]: se ingresa al directorio «/home/ivan/robocomp/components/g1/GoToPoint/CMakeFiles/CMakeTmp»
/usr/bin/make -f CMakeFiles/cmTryCompileExec4076874232.dir/build.make CMakeFiles/cmTryCompileExec4076874232.dir/build
make[2]: se ingresa al directorio «/home/ivan/robocomp/components/g1/GoToPoint/CMakeFiles/CMakeTmp»
/usr/bin/cmake -E cmake_progress_report /home/ivan/robocomp/components/g1/GoToPoint/CMakeFiles/CMakeTmp/CMakeFiles 1
Building CXX object CMakeFiles/cmTryCompileExec4076874232.dir/CheckSymbolExists.cxx.o
/usr/bin/c++    -I/usr/include/qt4    -o CMakeFiles/cmTryCompileExec4076874232.dir/CheckSymbolExists.cxx.o -c /home/ivan/robocomp/components/g1/GoToPoint/CMakeFiles/CMakeTmp/CheckSymbolExists.cxx
/home/ivan/robocomp/components/g1/GoToPoint/CMakeFiles/CMakeTmp/CheckSymbolExists.cxx: In function ‘int main(int, char**)’:
/home/ivan/robocomp/components/g1/GoToPoint/CMakeFiles/CMakeTmp/CheckSymbolExists.cxx:8:19: error: ‘Q_WS_MAC’ was not declared in this scope
   return ((int*)(&Q_WS_MAC))[argc];
                   ^
make[2]: *** [CMakeFiles/cmTryCompileExec4076874232.dir/CheckSymbolExists.cxx.o] Error 1
make[2]: se sale del directorio «/home/ivan/robocomp/components/g1/GoToPoint/CMakeFiles/CMakeTmp»
make[1]: se sale del directorio «/home/ivan/robocomp/components/g1/GoToPoint/CMakeFiles/CMakeTmp»
make[1]: *** [cmTryCompileExec4076874232/fast] Error 2

File /home/ivan/robocomp/components/g1/GoToPoint/CMakeFiles/CMakeTmp/CheckSymbolExists.cxx:
/* */
#include <QtCore/qglobal.h>

int main(int argc, char** argv)
{
  (void)argv;
#ifndef Q_WS_MAC
  return ((int*)(&Q_WS_MAC))[argc];
#else
  (void)argc;
  return 0;
#endif
}

