Determining if the Q_WS_WIN exist failed with the following output:
Change Dir: /home/ivan/robocomp/components/g1/controller/CMakeFiles/CMakeTmp

Run Build Command:"/usr/bin/make" "cmTryCompileExec2446515254/fast"
make[1]: Entering directory `/home/ivan/robocomp/components/g1/controller/CMakeFiles/CMakeTmp'
/usr/bin/make -f CMakeFiles/cmTryCompileExec2446515254.dir/build.make CMakeFiles/cmTryCompileExec2446515254.dir/build
make[2]: Entering directory `/home/ivan/robocomp/components/g1/controller/CMakeFiles/CMakeTmp'
/usr/bin/cmake -E cmake_progress_report /home/ivan/robocomp/components/g1/controller/CMakeFiles/CMakeTmp/CMakeFiles 1
Building CXX object CMakeFiles/cmTryCompileExec2446515254.dir/CheckSymbolExists.cxx.o
/usr/bin/c++    -I/usr/include/qt4    -o CMakeFiles/cmTryCompileExec2446515254.dir/CheckSymbolExists.cxx.o -c /home/ivan/robocomp/components/g1/controller/CMakeFiles/CMakeTmp/CheckSymbolExists.cxx
/home/ivan/robocomp/components/g1/controller/CMakeFiles/CMakeTmp/CheckSymbolExists.cxx: In function ‘int main(int, char**)’:
/home/ivan/robocomp/components/g1/controller/CMakeFiles/CMakeTmp/CheckSymbolExists.cxx:8:19: error: ‘Q_WS_WIN’ was not declared in this scope
   return ((int*)(&Q_WS_WIN))[argc];
                   ^
make[2]: *** [CMakeFiles/cmTryCompileExec2446515254.dir/CheckSymbolExists.cxx.o] Error 1
make[2]: Leaving directory `/home/ivan/robocomp/components/g1/controller/CMakeFiles/CMakeTmp'
make[1]: *** [cmTryCompileExec2446515254/fast] Error 2
make[1]: Leaving directory `/home/ivan/robocomp/components/g1/controller/CMakeFiles/CMakeTmp'

File /home/ivan/robocomp/components/g1/controller/CMakeFiles/CMakeTmp/CheckSymbolExists.cxx:
/* */
#include <QtCore/qglobal.h>

int main(int argc, char** argv)
{
  (void)argv;
#ifndef Q_WS_WIN
  return ((int*)(&Q_WS_WIN))[argc];
#else
  (void)argc;
  return 0;
#endif
}

Determining if the Q_WS_QWS exist failed with the following output:
Change Dir: /home/ivan/robocomp/components/g1/controller/CMakeFiles/CMakeTmp

Run Build Command:"/usr/bin/make" "cmTryCompileExec3389052153/fast"
make[1]: Entering directory `/home/ivan/robocomp/components/g1/controller/CMakeFiles/CMakeTmp'
/usr/bin/make -f CMakeFiles/cmTryCompileExec3389052153.dir/build.make CMakeFiles/cmTryCompileExec3389052153.dir/build
make[2]: Entering directory `/home/ivan/robocomp/components/g1/controller/CMakeFiles/CMakeTmp'
/usr/bin/cmake -E cmake_progress_report /home/ivan/robocomp/components/g1/controller/CMakeFiles/CMakeTmp/CMakeFiles 1
Building CXX object CMakeFiles/cmTryCompileExec3389052153.dir/CheckSymbolExists.cxx.o
/usr/bin/c++    -I/usr/include/qt4    -o CMakeFiles/cmTryCompileExec3389052153.dir/CheckSymbolExists.cxx.o -c /home/ivan/robocomp/components/g1/controller/CMakeFiles/CMakeTmp/CheckSymbolExists.cxx
/home/ivan/robocomp/components/g1/controller/CMakeFiles/CMakeTmp/CheckSymbolExists.cxx: In function ‘int main(int, char**)’:
/home/ivan/robocomp/components/g1/controller/CMakeFiles/CMakeTmp/CheckSymbolExists.cxx:8:19: error: ‘Q_WS_QWS’ was not declared in this scope
   return ((int*)(&Q_WS_QWS))[argc];
                   ^
make[2]: *** [CMakeFiles/cmTryCompileExec3389052153.dir/CheckSymbolExists.cxx.o] Error 1
make[2]: Leaving directory `/home/ivan/robocomp/components/g1/controller/CMakeFiles/CMakeTmp'
make[1]: *** [cmTryCompileExec3389052153/fast] Error 2
make[1]: Leaving directory `/home/ivan/robocomp/components/g1/controller/CMakeFiles/CMakeTmp'

File /home/ivan/robocomp/components/g1/controller/CMakeFiles/CMakeTmp/CheckSymbolExists.cxx:
/* */
#include <QtCore/qglobal.h>

int main(int argc, char** argv)
{
  (void)argv;
#ifndef Q_WS_QWS
  return ((int*)(&Q_WS_QWS))[argc];
#else
  (void)argc;
  return 0;
#endif
}

Determining if the Q_WS_MAC exist failed with the following output:
Change Dir: /home/ivan/robocomp/components/g1/controller/CMakeFiles/CMakeTmp

Run Build Command:"/usr/bin/make" "cmTryCompileExec2396256174/fast"
make[1]: Entering directory `/home/ivan/robocomp/components/g1/controller/CMakeFiles/CMakeTmp'
/usr/bin/make -f CMakeFiles/cmTryCompileExec2396256174.dir/build.make CMakeFiles/cmTryCompileExec2396256174.dir/build
make[2]: Entering directory `/home/ivan/robocomp/components/g1/controller/CMakeFiles/CMakeTmp'
/usr/bin/cmake -E cmake_progress_report /home/ivan/robocomp/components/g1/controller/CMakeFiles/CMakeTmp/CMakeFiles 1
Building CXX object CMakeFiles/cmTryCompileExec2396256174.dir/CheckSymbolExists.cxx.o
/usr/bin/c++    -I/usr/include/qt4    -o CMakeFiles/cmTryCompileExec2396256174.dir/CheckSymbolExists.cxx.o -c /home/ivan/robocomp/components/g1/controller/CMakeFiles/CMakeTmp/CheckSymbolExists.cxx
/home/ivan/robocomp/components/g1/controller/CMakeFiles/CMakeTmp/CheckSymbolExists.cxx: In function ‘int main(int, char**)’:
/home/ivan/robocomp/components/g1/controller/CMakeFiles/CMakeTmp/CheckSymbolExists.cxx:8:19: error: ‘Q_WS_MAC’ was not declared in this scope
   return ((int*)(&Q_WS_MAC))[argc];
                   ^
make[2]: *** [CMakeFiles/cmTryCompileExec2396256174.dir/CheckSymbolExists.cxx.o] Error 1
make[2]: Leaving directory `/home/ivan/robocomp/components/g1/controller/CMakeFiles/CMakeTmp'
make[1]: *** [cmTryCompileExec2396256174/fast] Error 2
make[1]: Leaving directory `/home/ivan/robocomp/components/g1/controller/CMakeFiles/CMakeTmp'

File /home/ivan/robocomp/components/g1/controller/CMakeFiles/CMakeTmp/CheckSymbolExists.cxx:
/* */
#include <QtCore/qglobal.h>

int main(int argc, char** argv)
{
  (void)argv;
#ifndef Q_WS_MAC
  return ((int*)(&Q_WS_MAC))[argc];
#else
  (void)argc;
  return 0;
#endif
}

Determining if the Q_WS_WIN exist failed with the following output:
Change Dir: /home/ivan/robocomp/components/g1/controller/CMakeFiles/CMakeTmp

Run Build Command:"/usr/bin/make" "cmTryCompileExec2303358646/fast"
make[1]: se ingresa al directorio «/home/ivan/robocomp/components/g1/controller/CMakeFiles/CMakeTmp»
/usr/bin/make -f CMakeFiles/cmTryCompileExec2303358646.dir/build.make CMakeFiles/cmTryCompileExec2303358646.dir/build
make[2]: se ingresa al directorio «/home/ivan/robocomp/components/g1/controller/CMakeFiles/CMakeTmp»
/usr/bin/cmake -E cmake_progress_report /home/ivan/robocomp/components/g1/controller/CMakeFiles/CMakeTmp/CMakeFiles 1
Building CXX object CMakeFiles/cmTryCompileExec2303358646.dir/CheckSymbolExists.cxx.o
/usr/bin/c++    -I/usr/include/qt4    -o CMakeFiles/cmTryCompileExec2303358646.dir/CheckSymbolExists.cxx.o -c /home/ivan/robocomp/components/g1/controller/CMakeFiles/CMakeTmp/CheckSymbolExists.cxx
/home/ivan/robocomp/components/g1/controller/CMakeFiles/CMakeTmp/CheckSymbolExists.cxx: In function ‘int main(int, char**)’:
/home/ivan/robocomp/components/g1/controller/CMakeFiles/CMakeTmp/CheckSymbolExists.cxx:8:19: error: ‘Q_WS_WIN’ was not declared in this scope
   return ((int*)(&Q_WS_WIN))[argc];
                   ^
make[2]: *** [CMakeFiles/cmTryCompileExec2303358646.dir/CheckSymbolExists.cxx.o] Error 1
make[2]: se sale del directorio «/home/ivan/robocomp/components/g1/controller/CMakeFiles/CMakeTmp»
make[1]: *** [cmTryCompileExec2303358646/fast] Error 2
make[1]: se sale del directorio «/home/ivan/robocomp/components/g1/controller/CMakeFiles/CMakeTmp»

File /home/ivan/robocomp/components/g1/controller/CMakeFiles/CMakeTmp/CheckSymbolExists.cxx:
/* */
#include <QtCore/qglobal.h>

int main(int argc, char** argv)
{
  (void)argv;
#ifndef Q_WS_WIN
  return ((int*)(&Q_WS_WIN))[argc];
#else
  (void)argc;
  return 0;
#endif
}

Determining if the Q_WS_QWS exist failed with the following output:
Change Dir: /home/ivan/robocomp/components/g1/controller/CMakeFiles/CMakeTmp

Run Build Command:"/usr/bin/make" "cmTryCompileExec2706806119/fast"
make[1]: se ingresa al directorio «/home/ivan/robocomp/components/g1/controller/CMakeFiles/CMakeTmp»
/usr/bin/make -f CMakeFiles/cmTryCompileExec2706806119.dir/build.make CMakeFiles/cmTryCompileExec2706806119.dir/build
make[2]: se ingresa al directorio «/home/ivan/robocomp/components/g1/controller/CMakeFiles/CMakeTmp»
/usr/bin/cmake -E cmake_progress_report /home/ivan/robocomp/components/g1/controller/CMakeFiles/CMakeTmp/CMakeFiles 1
Building CXX object CMakeFiles/cmTryCompileExec2706806119.dir/CheckSymbolExists.cxx.o
/usr/bin/c++    -I/usr/include/qt4    -o CMakeFiles/cmTryCompileExec2706806119.dir/CheckSymbolExists.cxx.o -c /home/ivan/robocomp/components/g1/controller/CMakeFiles/CMakeTmp/CheckSymbolExists.cxx
/home/ivan/robocomp/components/g1/controller/CMakeFiles/CMakeTmp/CheckSymbolExists.cxx: In function ‘int main(int, char**)’:
/home/ivan/robocomp/components/g1/controller/CMakeFiles/CMakeTmp/CheckSymbolExists.cxx:8:19: error: ‘Q_WS_QWS’ was not declared in this scope
   return ((int*)(&Q_WS_QWS))[argc];
                   ^
make[2]: *** [CMakeFiles/cmTryCompileExec2706806119.dir/CheckSymbolExists.cxx.o] Error 1
make[2]: se sale del directorio «/home/ivan/robocomp/components/g1/controller/CMakeFiles/CMakeTmp»
make[1]: *** [cmTryCompileExec2706806119/fast] Error 2
make[1]: se sale del directorio «/home/ivan/robocomp/components/g1/controller/CMakeFiles/CMakeTmp»

File /home/ivan/robocomp/components/g1/controller/CMakeFiles/CMakeTmp/CheckSymbolExists.cxx:
/* */
#include <QtCore/qglobal.h>

int main(int argc, char** argv)
{
  (void)argv;
#ifndef Q_WS_QWS
  return ((int*)(&Q_WS_QWS))[argc];
#else
  (void)argc;
  return 0;
#endif
}

Determining if the Q_WS_MAC exist failed with the following output:
Change Dir: /home/ivan/robocomp/components/g1/controller/CMakeFiles/CMakeTmp

Run Build Command:"/usr/bin/make" "cmTryCompileExec2148996705/fast"
make[1]: se ingresa al directorio «/home/ivan/robocomp/components/g1/controller/CMakeFiles/CMakeTmp»
/usr/bin/make -f CMakeFiles/cmTryCompileExec2148996705.dir/build.make CMakeFiles/cmTryCompileExec2148996705.dir/build
make[2]: se ingresa al directorio «/home/ivan/robocomp/components/g1/controller/CMakeFiles/CMakeTmp»
/usr/bin/cmake -E cmake_progress_report /home/ivan/robocomp/components/g1/controller/CMakeFiles/CMakeTmp/CMakeFiles 1
Building CXX object CMakeFiles/cmTryCompileExec2148996705.dir/CheckSymbolExists.cxx.o
/usr/bin/c++    -I/usr/include/qt4    -o CMakeFiles/cmTryCompileExec2148996705.dir/CheckSymbolExists.cxx.o -c /home/ivan/robocomp/components/g1/controller/CMakeFiles/CMakeTmp/CheckSymbolExists.cxx
/home/ivan/robocomp/components/g1/controller/CMakeFiles/CMakeTmp/CheckSymbolExists.cxx: In function ‘int main(int, char**)’:
/home/ivan/robocomp/components/g1/controller/CMakeFiles/CMakeTmp/CheckSymbolExists.cxx:8:19: error: ‘Q_WS_MAC’ was not declared in this scope
   return ((int*)(&Q_WS_MAC))[argc];
                   ^
make[2]: se sale del directorio «/home/ivan/robocomp/components/g1/controller/CMakeFiles/CMakeTmp»
make[2]: *** [CMakeFiles/cmTryCompileExec2148996705.dir/CheckSymbolExists.cxx.o] Error 1
make[1]: *** [cmTryCompileExec2148996705/fast] Error 2
make[1]: se sale del directorio «/home/ivan/robocomp/components/g1/controller/CMakeFiles/CMakeTmp»

File /home/ivan/robocomp/components/g1/controller/CMakeFiles/CMakeTmp/CheckSymbolExists.cxx:
/* */
#include <QtCore/qglobal.h>

int main(int argc, char** argv)
{
  (void)argv;
#ifndef Q_WS_MAC
  return ((int*)(&Q_WS_MAC))[argc];
#else
  (void)argc;
  return 0;
#endif
}

