Determining if the Q_WS_WIN exist failed with the following output:
Change Dir: /home/ivan/robocomp/components/g1/controller/build/CMakeFiles/CMakeTmp

Run Build Command:/usr/bin/make "cmTryCompileExec2840024777/fast"
/usr/bin/make -f CMakeFiles/cmTryCompileExec2840024777.dir/build.make CMakeFiles/cmTryCompileExec2840024777.dir/build
make[1]: Entering directory `/home/ivan/robocomp/components/g1/controller/build/CMakeFiles/CMakeTmp'
/usr/bin/cmake -E cmake_progress_report /home/ivan/robocomp/components/g1/controller/build/CMakeFiles/CMakeTmp/CMakeFiles 1
Building CXX object CMakeFiles/cmTryCompileExec2840024777.dir/CheckSymbolExists.cxx.o
/usr/bin/c++    -I/usr/include/qt4    -o CMakeFiles/cmTryCompileExec2840024777.dir/CheckSymbolExists.cxx.o -c /home/ivan/robocomp/components/g1/controller/build/CMakeFiles/CMakeTmp/CheckSymbolExists.cxx
/home/ivan/robocomp/components/g1/controller/build/CMakeFiles/CMakeTmp/CheckSymbolExists.cxx: In function ‘int main(int, char**)’:
/home/ivan/robocomp/components/g1/controller/build/CMakeFiles/CMakeTmp/CheckSymbolExists.cxx:8:19: error: ‘Q_WS_WIN’ was not declared in this scope
   return ((int*)(&Q_WS_WIN))[argc];
                   ^
make[1]: *** [CMakeFiles/cmTryCompileExec2840024777.dir/CheckSymbolExists.cxx.o] Error 1
make[1]: Leaving directory `/home/ivan/robocomp/components/g1/controller/build/CMakeFiles/CMakeTmp'
make: *** [cmTryCompileExec2840024777/fast] Error 2

File /home/ivan/robocomp/components/g1/controller/build/CMakeFiles/CMakeTmp/CheckSymbolExists.cxx:
/* */
#include <QtCore/qglobal.h>

int main(int argc, char** argv)
{
  (void)argv;
#ifndef Q_WS_WIN
  return ((int*)(&Q_WS_WIN))[argc];
#else
  (void)argc;
  return 0;
#endif
}

Determining if the Q_WS_QWS exist failed with the following output:
Change Dir: /home/ivan/robocomp/components/g1/controller/build/CMakeFiles/CMakeTmp

Run Build Command:/usr/bin/make "cmTryCompileExec2990028141/fast"
/usr/bin/make -f CMakeFiles/cmTryCompileExec2990028141.dir/build.make CMakeFiles/cmTryCompileExec2990028141.dir/build
make[1]: Entering directory `/home/ivan/robocomp/components/g1/controller/build/CMakeFiles/CMakeTmp'
/usr/bin/cmake -E cmake_progress_report /home/ivan/robocomp/components/g1/controller/build/CMakeFiles/CMakeTmp/CMakeFiles 1
Building CXX object CMakeFiles/cmTryCompileExec2990028141.dir/CheckSymbolExists.cxx.o
/usr/bin/c++    -I/usr/include/qt4    -o CMakeFiles/cmTryCompileExec2990028141.dir/CheckSymbolExists.cxx.o -c /home/ivan/robocomp/components/g1/controller/build/CMakeFiles/CMakeTmp/CheckSymbolExists.cxx
/home/ivan/robocomp/components/g1/controller/build/CMakeFiles/CMakeTmp/CheckSymbolExists.cxx: In function ‘int main(int, char**)’:
/home/ivan/robocomp/components/g1/controller/build/CMakeFiles/CMakeTmp/CheckSymbolExists.cxx:8:19: error: ‘Q_WS_QWS’ was not declared in this scope
   return ((int*)(&Q_WS_QWS))[argc];
                   ^
make[1]: *** [CMakeFiles/cmTryCompileExec2990028141.dir/CheckSymbolExists.cxx.o] Error 1
make[1]: Leaving directory `/home/ivan/robocomp/components/g1/controller/build/CMakeFiles/CMakeTmp'
make: *** [cmTryCompileExec2990028141/fast] Error 2

File /home/ivan/robocomp/components/g1/controller/build/CMakeFiles/CMakeTmp/CheckSymbolExists.cxx:
/* */
#include <QtCore/qglobal.h>

int main(int argc, char** argv)
{
  (void)argv;
#ifndef Q_WS_QWS
  return ((int*)(&Q_WS_QWS))[argc];
#else
  (void)argc;
  return 0;
#endif
}

Determining if the Q_WS_MAC exist failed with the following output:
Change Dir: /home/ivan/robocomp/components/g1/controller/build/CMakeFiles/CMakeTmp

Run Build Command:/usr/bin/make "cmTryCompileExec3488607072/fast"
/usr/bin/make -f CMakeFiles/cmTryCompileExec3488607072.dir/build.make CMakeFiles/cmTryCompileExec3488607072.dir/build
make[1]: Entering directory `/home/ivan/robocomp/components/g1/controller/build/CMakeFiles/CMakeTmp'
/usr/bin/cmake -E cmake_progress_report /home/ivan/robocomp/components/g1/controller/build/CMakeFiles/CMakeTmp/CMakeFiles 1
Building CXX object CMakeFiles/cmTryCompileExec3488607072.dir/CheckSymbolExists.cxx.o
/usr/bin/c++    -I/usr/include/qt4    -o CMakeFiles/cmTryCompileExec3488607072.dir/CheckSymbolExists.cxx.o -c /home/ivan/robocomp/components/g1/controller/build/CMakeFiles/CMakeTmp/CheckSymbolExists.cxx
/home/ivan/robocomp/components/g1/controller/build/CMakeFiles/CMakeTmp/CheckSymbolExists.cxx: In function ‘int main(int, char**)’:
/home/ivan/robocomp/components/g1/controller/build/CMakeFiles/CMakeTmp/CheckSymbolExists.cxx:8:19: error: ‘Q_WS_MAC’ was not declared in this scope
   return ((int*)(&Q_WS_MAC))[argc];
                   ^
make[1]: *** [CMakeFiles/cmTryCompileExec3488607072.dir/CheckSymbolExists.cxx.o] Error 1
make[1]: Leaving directory `/home/ivan/robocomp/components/g1/controller/build/CMakeFiles/CMakeTmp'
make: *** [cmTryCompileExec3488607072/fast] Error 2

File /home/ivan/robocomp/components/g1/controller/build/CMakeFiles/CMakeTmp/CheckSymbolExists.cxx:
/* */
#include <QtCore/qglobal.h>

int main(int argc, char** argv)
{
  (void)argv;
#ifndef Q_WS_MAC
  return ((int*)(&Q_WS_MAC))[argc];
#else
  (void)argc;
  return 0;
#endif
}

