Determining if the Q_WS_WIN exist failed with the following output:
Change Dir: /home/ivan/robocomp/components/g1/controller/CMakeFiles/CMakeTmp

Run Build Command:/usr/bin/make "cmTryCompileExec3167430284/fast"
/usr/bin/make -f CMakeFiles/cmTryCompileExec3167430284.dir/build.make CMakeFiles/cmTryCompileExec3167430284.dir/build
make[1]: se ingresa al directorio «/home/ivan/robocomp/components/g1/controller/CMakeFiles/CMakeTmp»
/usr/bin/cmake -E cmake_progress_report /home/ivan/robocomp/components/g1/controller/CMakeFiles/CMakeTmp/CMakeFiles 1
Building CXX object CMakeFiles/cmTryCompileExec3167430284.dir/CheckSymbolExists.cxx.o
/usr/bin/c++    -I/usr/include/qt4    -o CMakeFiles/cmTryCompileExec3167430284.dir/CheckSymbolExists.cxx.o -c /home/ivan/robocomp/components/g1/controller/CMakeFiles/CMakeTmp/CheckSymbolExists.cxx
/home/ivan/robocomp/components/g1/controller/CMakeFiles/CMakeTmp/CheckSymbolExists.cxx: In function ‘int main(int, char**)’:
/home/ivan/robocomp/components/g1/controller/CMakeFiles/CMakeTmp/CheckSymbolExists.cxx:8:19: error: ‘Q_WS_WIN’ was not declared in this scope
   return ((int*)(&Q_WS_WIN))[argc];
                   ^
make[1]: *** [CMakeFiles/cmTryCompileExec3167430284.dir/CheckSymbolExists.cxx.o] Error 1
make[1]: se sale del directorio «/home/ivan/robocomp/components/g1/controller/CMakeFiles/CMakeTmp»
make: *** [cmTryCompileExec3167430284/fast] Error 2

File /home/ivan/robocomp/components/g1/controller/CMakeFiles/CMakeTmp/CheckSymbolExists.cxx:
/* */
#include <QtCore/qglobal.h>

int main(int argc, char** argv)
{
  (void)argv;
#ifndef Q_WS_WIN
  return ((int*)(&Q_WS_WIN))[argc];
#else
  (void)argc;
  return 0;
#endif
}

Determining if the Q_WS_QWS exist failed with the following output:
Change Dir: /home/ivan/robocomp/components/g1/controller/CMakeFiles/CMakeTmp

Run Build Command:/usr/bin/make "cmTryCompileExec626784059/fast"
/usr/bin/make -f CMakeFiles/cmTryCompileExec626784059.dir/build.make CMakeFiles/cmTryCompileExec626784059.dir/build
make[1]: se ingresa al directorio «/home/ivan/robocomp/components/g1/controller/CMakeFiles/CMakeTmp»
/usr/bin/cmake -E cmake_progress_report /home/ivan/robocomp/components/g1/controller/CMakeFiles/CMakeTmp/CMakeFiles 1
Building CXX object CMakeFiles/cmTryCompileExec626784059.dir/CheckSymbolExists.cxx.o
/usr/bin/c++    -I/usr/include/qt4    -o CMakeFiles/cmTryCompileExec626784059.dir/CheckSymbolExists.cxx.o -c /home/ivan/robocomp/components/g1/controller/CMakeFiles/CMakeTmp/CheckSymbolExists.cxx
/home/ivan/robocomp/components/g1/controller/CMakeFiles/CMakeTmp/CheckSymbolExists.cxx: In function ‘int main(int, char**)’:
/home/ivan/robocomp/components/g1/controller/CMakeFiles/CMakeTmp/CheckSymbolExists.cxx:8:19: error: ‘Q_WS_QWS’ was not declared in this scope
   return ((int*)(&Q_WS_QWS))[argc];
                   ^
make[1]: se sale del directorio «/home/ivan/robocomp/components/g1/controller/CMakeFiles/CMakeTmp»
make[1]: *** [CMakeFiles/cmTryCompileExec626784059.dir/CheckSymbolExists.cxx.o] Error 1
make: *** [cmTryCompileExec626784059/fast] Error 2

File /home/ivan/robocomp/components/g1/controller/CMakeFiles/CMakeTmp/CheckSymbolExists.cxx:
/* */
#include <QtCore/qglobal.h>

int main(int argc, char** argv)
{
  (void)argv;
#ifndef Q_WS_QWS
  return ((int*)(&Q_WS_QWS))[argc];
#else
  (void)argc;
  return 0;
#endif
}

Determining if the Q_WS_MAC exist failed with the following output:
Change Dir: /home/ivan/robocomp/components/g1/controller/CMakeFiles/CMakeTmp

Run Build Command:/usr/bin/make "cmTryCompileExec3448029564/fast"
/usr/bin/make -f CMakeFiles/cmTryCompileExec3448029564.dir/build.make CMakeFiles/cmTryCompileExec3448029564.dir/build
make[1]: se ingresa al directorio «/home/ivan/robocomp/components/g1/controller/CMakeFiles/CMakeTmp»
/usr/bin/cmake -E cmake_progress_report /home/ivan/robocomp/components/g1/controller/CMakeFiles/CMakeTmp/CMakeFiles 1
Building CXX object CMakeFiles/cmTryCompileExec3448029564.dir/CheckSymbolExists.cxx.o
/usr/bin/c++    -I/usr/include/qt4    -o CMakeFiles/cmTryCompileExec3448029564.dir/CheckSymbolExists.cxx.o -c /home/ivan/robocomp/components/g1/controller/CMakeFiles/CMakeTmp/CheckSymbolExists.cxx
/home/ivan/robocomp/components/g1/controller/CMakeFiles/CMakeTmp/CheckSymbolExists.cxx: In function ‘int main(int, char**)’:
/home/ivan/robocomp/components/g1/controller/CMakeFiles/CMakeTmp/CheckSymbolExists.cxx:8:19: error: ‘Q_WS_MAC’ was not declared in this scope
   return ((int*)(&Q_WS_MAC))[argc];
                   ^
make[1]: *** [CMakeFiles/cmTryCompileExec3448029564.dir/CheckSymbolExists.cxx.o] Error 1
make[1]: se sale del directorio «/home/ivan/robocomp/components/g1/controller/CMakeFiles/CMakeTmp»
make: *** [cmTryCompileExec3448029564/fast] Error 2

File /home/ivan/robocomp/components/g1/controller/CMakeFiles/CMakeTmp/CheckSymbolExists.cxx:
/* */
#include <QtCore/qglobal.h>

int main(int argc, char** argv)
{
  (void)argv;
#ifndef Q_WS_MAC
  return ((int*)(&Q_WS_MAC))[argc];
#else
  (void)argc;
  return 0;
#endif
}

Determining if the Q_WS_WIN exist failed with the following output:
Change Dir: /home/ivan/robocomp/components/g1/controller/CMakeFiles/CMakeTmp

Run Build Command:/usr/bin/make "cmTryCompileExec1311370250/fast"
make[1]: se ingresa al directorio «/home/ivan/robocomp/components/g1/controller/CMakeFiles/CMakeTmp»
/usr/bin/make -f CMakeFiles/cmTryCompileExec1311370250.dir/build.make CMakeFiles/cmTryCompileExec1311370250.dir/build
make[2]: se ingresa al directorio «/home/ivan/robocomp/components/g1/controller/CMakeFiles/CMakeTmp»
/usr/bin/cmake -E cmake_progress_report /home/ivan/robocomp/components/g1/controller/CMakeFiles/CMakeTmp/CMakeFiles 1
Building CXX object CMakeFiles/cmTryCompileExec1311370250.dir/CheckSymbolExists.cxx.o
/usr/bin/c++    -I/usr/include/qt4    -o CMakeFiles/cmTryCompileExec1311370250.dir/CheckSymbolExists.cxx.o -c /home/ivan/robocomp/components/g1/controller/CMakeFiles/CMakeTmp/CheckSymbolExists.cxx
/home/ivan/robocomp/components/g1/controller/CMakeFiles/CMakeTmp/CheckSymbolExists.cxx: In function ‘int main(int, char**)’:
/home/ivan/robocomp/components/g1/controller/CMakeFiles/CMakeTmp/CheckSymbolExists.cxx:8:19: error: ‘Q_WS_WIN’ was not declared in this scope
   return ((int*)(&Q_WS_WIN))[argc];
                   ^
make[2]: *** [CMakeFiles/cmTryCompileExec1311370250.dir/CheckSymbolExists.cxx.o] Error 1
make[2]: se sale del directorio «/home/ivan/robocomp/components/g1/controller/CMakeFiles/CMakeTmp»
make[1]: *** [cmTryCompileExec1311370250/fast] Error 2
make[1]: se sale del directorio «/home/ivan/robocomp/components/g1/controller/CMakeFiles/CMakeTmp»

File /home/ivan/robocomp/components/g1/controller/CMakeFiles/CMakeTmp/CheckSymbolExists.cxx:
/* */
#include <QtCore/qglobal.h>

int main(int argc, char** argv)
{
  (void)argv;
#ifndef Q_WS_WIN
  return ((int*)(&Q_WS_WIN))[argc];
#else
  (void)argc;
  return 0;
#endif
}

Determining if the Q_WS_QWS exist failed with the following output:
Change Dir: /home/ivan/robocomp/components/g1/controller/CMakeFiles/CMakeTmp

Run Build Command:/usr/bin/make "cmTryCompileExec325712396/fast"
make[1]: se ingresa al directorio «/home/ivan/robocomp/components/g1/controller/CMakeFiles/CMakeTmp»
/usr/bin/make -f CMakeFiles/cmTryCompileExec325712396.dir/build.make CMakeFiles/cmTryCompileExec325712396.dir/build
make[2]: se ingresa al directorio «/home/ivan/robocomp/components/g1/controller/CMakeFiles/CMakeTmp»
/usr/bin/cmake -E cmake_progress_report /home/ivan/robocomp/components/g1/controller/CMakeFiles/CMakeTmp/CMakeFiles 1
Building CXX object CMakeFiles/cmTryCompileExec325712396.dir/CheckSymbolExists.cxx.o
/usr/bin/c++    -I/usr/include/qt4    -o CMakeFiles/cmTryCompileExec325712396.dir/CheckSymbolExists.cxx.o -c /home/ivan/robocomp/components/g1/controller/CMakeFiles/CMakeTmp/CheckSymbolExists.cxx
/home/ivan/robocomp/components/g1/controller/CMakeFiles/CMakeTmp/CheckSymbolExists.cxx: In function ‘int main(int, char**)’:
/home/ivan/robocomp/components/g1/controller/CMakeFiles/CMakeTmp/CheckSymbolExists.cxx:8:19: error: ‘Q_WS_QWS’ was not declared in this scope
   return ((int*)(&Q_WS_QWS))[argc];
                   ^
make[2]: *** [CMakeFiles/cmTryCompileExec325712396.dir/CheckSymbolExists.cxx.o] Error 1
make[2]: se sale del directorio «/home/ivan/robocomp/components/g1/controller/CMakeFiles/CMakeTmp»
make[1]: se sale del directorio «/home/ivan/robocomp/components/g1/controller/CMakeFiles/CMakeTmp»
make[1]: *** [cmTryCompileExec325712396/fast] Error 2

File /home/ivan/robocomp/components/g1/controller/CMakeFiles/CMakeTmp/CheckSymbolExists.cxx:
/* */
#include <QtCore/qglobal.h>

int main(int argc, char** argv)
{
  (void)argv;
#ifndef Q_WS_QWS
  return ((int*)(&Q_WS_QWS))[argc];
#else
  (void)argc;
  return 0;
#endif
}

Determining if the Q_WS_MAC exist failed with the following output:
Change Dir: /home/ivan/robocomp/components/g1/controller/CMakeFiles/CMakeTmp

Run Build Command:/usr/bin/make "cmTryCompileExec46090760/fast"
make[1]: se ingresa al directorio «/home/ivan/robocomp/components/g1/controller/CMakeFiles/CMakeTmp»
/usr/bin/make -f CMakeFiles/cmTryCompileExec46090760.dir/build.make CMakeFiles/cmTryCompileExec46090760.dir/build
make[2]: se ingresa al directorio «/home/ivan/robocomp/components/g1/controller/CMakeFiles/CMakeTmp»
/usr/bin/cmake -E cmake_progress_report /home/ivan/robocomp/components/g1/controller/CMakeFiles/CMakeTmp/CMakeFiles 1
Building CXX object CMakeFiles/cmTryCompileExec46090760.dir/CheckSymbolExists.cxx.o
/usr/bin/c++    -I/usr/include/qt4    -o CMakeFiles/cmTryCompileExec46090760.dir/CheckSymbolExists.cxx.o -c /home/ivan/robocomp/components/g1/controller/CMakeFiles/CMakeTmp/CheckSymbolExists.cxx
/home/ivan/robocomp/components/g1/controller/CMakeFiles/CMakeTmp/CheckSymbolExists.cxx: In function ‘int main(int, char**)’:
/home/ivan/robocomp/components/g1/controller/CMakeFiles/CMakeTmp/CheckSymbolExists.cxx:8:19: error: ‘Q_WS_MAC’ was not declared in this scope
   return ((int*)(&Q_WS_MAC))[argc];
                   ^
make[2]: *** [CMakeFiles/cmTryCompileExec46090760.dir/CheckSymbolExists.cxx.o] Error 1
make[2]: se sale del directorio «/home/ivan/robocomp/components/g1/controller/CMakeFiles/CMakeTmp»
make[1]: se sale del directorio «/home/ivan/robocomp/components/g1/controller/CMakeFiles/CMakeTmp»
make[1]: *** [cmTryCompileExec46090760/fast] Error 2

File /home/ivan/robocomp/components/g1/controller/CMakeFiles/CMakeTmp/CheckSymbolExists.cxx:
/* */
#include <QtCore/qglobal.h>

int main(int argc, char** argv)
{
  (void)argv;
#ifndef Q_WS_MAC
  return ((int*)(&Q_WS_MAC))[argc];
#else
  (void)argc;
  return 0;
#endif
}

Determining if the Q_WS_WIN exist failed with the following output:
Change Dir: /home/ivan/robocomp/components/g1/controller antiguo/CMakeFiles/CMakeTmp

Run Build Command:/usr/bin/make "cmTryCompileExec3549265556/fast"
/usr/bin/make -f CMakeFiles/cmTryCompileExec3549265556.dir/build.make CMakeFiles/cmTryCompileExec3549265556.dir/build
make[1]: se ingresa al directorio «/home/ivan/robocomp/components/g1/controller antiguo/CMakeFiles/CMakeTmp»
/usr/bin/cmake -E cmake_progress_report "/home/ivan/robocomp/components/g1/controller antiguo/CMakeFiles/CMakeTmp/CMakeFiles" 1
Building CXX object CMakeFiles/cmTryCompileExec3549265556.dir/CheckSymbolExists.cxx.o
/usr/bin/c++    -I/usr/include/qt4    -o CMakeFiles/cmTryCompileExec3549265556.dir/CheckSymbolExists.cxx.o -c "/home/ivan/robocomp/components/g1/controller antiguo/CMakeFiles/CMakeTmp/CheckSymbolExists.cxx"
/home/ivan/robocomp/components/g1/controller antiguo/CMakeFiles/CMakeTmp/CheckSymbolExists.cxx: In function ‘int main(int, char**)’:
/home/ivan/robocomp/components/g1/controller antiguo/CMakeFiles/CMakeTmp/CheckSymbolExists.cxx:8:19: error: ‘Q_WS_WIN’ was not declared in this scope
   return ((int*)(&Q_WS_WIN))[argc];
                   ^
make[1]: *** [CMakeFiles/cmTryCompileExec3549265556.dir/CheckSymbolExists.cxx.o] Error 1
make[1]: se sale del directorio «/home/ivan/robocomp/components/g1/controller antiguo/CMakeFiles/CMakeTmp»
make: *** [cmTryCompileExec3549265556/fast] Error 2

File /home/ivan/robocomp/components/g1/controller antiguo/CMakeFiles/CMakeTmp/CheckSymbolExists.cxx:
/* */
#include <QtCore/qglobal.h>

int main(int argc, char** argv)
{
  (void)argv;
#ifndef Q_WS_WIN
  return ((int*)(&Q_WS_WIN))[argc];
#else
  (void)argc;
  return 0;
#endif
}

Determining if the Q_WS_QWS exist failed with the following output:
Change Dir: /home/ivan/robocomp/components/g1/controller antiguo/CMakeFiles/CMakeTmp

Run Build Command:/usr/bin/make "cmTryCompileExec2281133621/fast"
/usr/bin/make -f CMakeFiles/cmTryCompileExec2281133621.dir/build.make CMakeFiles/cmTryCompileExec2281133621.dir/build
make[1]: se ingresa al directorio «/home/ivan/robocomp/components/g1/controller antiguo/CMakeFiles/CMakeTmp»
/usr/bin/cmake -E cmake_progress_report "/home/ivan/robocomp/components/g1/controller antiguo/CMakeFiles/CMakeTmp/CMakeFiles" 1
Building CXX object CMakeFiles/cmTryCompileExec2281133621.dir/CheckSymbolExists.cxx.o
/usr/bin/c++    -I/usr/include/qt4    -o CMakeFiles/cmTryCompileExec2281133621.dir/CheckSymbolExists.cxx.o -c "/home/ivan/robocomp/components/g1/controller antiguo/CMakeFiles/CMakeTmp/CheckSymbolExists.cxx"
/home/ivan/robocomp/components/g1/controller antiguo/CMakeFiles/CMakeTmp/CheckSymbolExists.cxx: In function ‘int main(int, char**)’:
/home/ivan/robocomp/components/g1/controller antiguo/CMakeFiles/CMakeTmp/CheckSymbolExists.cxx:8:19: error: ‘Q_WS_QWS’ was not declared in this scope
   return ((int*)(&Q_WS_QWS))[argc];
                   ^
make[1]: se sale del directorio «/home/ivan/robocomp/components/g1/controller antiguo/CMakeFiles/CMakeTmp»
make[1]: *** [CMakeFiles/cmTryCompileExec2281133621.dir/CheckSymbolExists.cxx.o] Error 1
make: *** [cmTryCompileExec2281133621/fast] Error 2

File /home/ivan/robocomp/components/g1/controller antiguo/CMakeFiles/CMakeTmp/CheckSymbolExists.cxx:
/* */
#include <QtCore/qglobal.h>

int main(int argc, char** argv)
{
  (void)argv;
#ifndef Q_WS_QWS
  return ((int*)(&Q_WS_QWS))[argc];
#else
  (void)argc;
  return 0;
#endif
}

Determining if the Q_WS_MAC exist failed with the following output:
Change Dir: /home/ivan/robocomp/components/g1/controller antiguo/CMakeFiles/CMakeTmp

Run Build Command:/usr/bin/make "cmTryCompileExec1827834992/fast"
/usr/bin/make -f CMakeFiles/cmTryCompileExec1827834992.dir/build.make CMakeFiles/cmTryCompileExec1827834992.dir/build
make[1]: se ingresa al directorio «/home/ivan/robocomp/components/g1/controller antiguo/CMakeFiles/CMakeTmp»
/usr/bin/cmake -E cmake_progress_report "/home/ivan/robocomp/components/g1/controller antiguo/CMakeFiles/CMakeTmp/CMakeFiles" 1
Building CXX object CMakeFiles/cmTryCompileExec1827834992.dir/CheckSymbolExists.cxx.o
/usr/bin/c++    -I/usr/include/qt4    -o CMakeFiles/cmTryCompileExec1827834992.dir/CheckSymbolExists.cxx.o -c "/home/ivan/robocomp/components/g1/controller antiguo/CMakeFiles/CMakeTmp/CheckSymbolExists.cxx"
/home/ivan/robocomp/components/g1/controller antiguo/CMakeFiles/CMakeTmp/CheckSymbolExists.cxx: In function ‘int main(int, char**)’:
/home/ivan/robocomp/components/g1/controller antiguo/CMakeFiles/CMakeTmp/CheckSymbolExists.cxx:8:19: error: ‘Q_WS_MAC’ was not declared in this scope
   return ((int*)(&Q_WS_MAC))[argc];
                   ^
make[1]: *** [CMakeFiles/cmTryCompileExec1827834992.dir/CheckSymbolExists.cxx.o] Error 1
make[1]: se sale del directorio «/home/ivan/robocomp/components/g1/controller antiguo/CMakeFiles/CMakeTmp»
make: *** [cmTryCompileExec1827834992/fast] Error 2

File /home/ivan/robocomp/components/g1/controller antiguo/CMakeFiles/CMakeTmp/CheckSymbolExists.cxx:
/* */
#include <QtCore/qglobal.h>

int main(int argc, char** argv)
{
  (void)argv;
#ifndef Q_WS_MAC
  return ((int*)(&Q_WS_MAC))[argc];
#else
  (void)argc;
  return 0;
#endif
}

